build/app/outputs/mapping/release/mapping.txt
# compiler: R8
# compiler_version: 2.1.62
# min_api: 21
# pg_map_id: cd9c6fa
# common_typos_disable
...
androidx.versionedparcelable.VersionedParcelable -> androidx.versionedparcelable.c:
com.csdcorp.speech_to_text.ChannelResultWrapper -> b.a.a.a:
    android.os.Handler handler -> a
    io.flutter.plugin.common.MethodChannel$Result result -> b
    void error(java.lang.String,java.lang.String,java.lang.Object) -> a
    void success(java.lang.Object) -> b
    void notImplemented() -> c
    io.flutter.plugin.common.MethodChannel$Result getResult() -> d
com.csdcorp.speech_to_text.ChannelResultWrapper$error$1 -> b.a.a.a$a:
    java.lang.Object $data -> d
    com.csdcorp.speech_to_text.ChannelResultWrapper this$0 -> a
    java.lang.String $errorMessage -> c
    java.lang.String $errorCode -> b
com.csdcorp.speech_to_text.ChannelResultWrapper$notImplemented$1 -> b.a.a.a$b:
    com.csdcorp.speech_to_text.ChannelResultWrapper this$0 -> a
com.csdcorp.speech_to_text.ChannelResultWrapper$success$1 -> b.a.a.a$c:
    java.lang.Object $results -> b
    com.csdcorp.speech_to_text.ChannelResultWrapper this$0 -> a
com.csdcorp.speech_to_text.LanguageDetailsChecker -> b.a.a.b:
    java.util.List supportedLanguages -> d
    java.lang.String logTag -> a
    io.flutter.plugin.common.MethodChannel$Result result -> b
    boolean debugLogging -> c
    java.lang.String buildIdNameForLocale(java.util.Locale) -> a
    void createResponse(java.util.List) -> b
    void debugLog(java.lang.String) -> c
com.csdcorp.speech_to_text.ListenMode -> b.a.a.c:
    com.csdcorp.speech_to_text.ListenMode[] $VALUES -> c
    com.csdcorp.speech_to_text.ListenMode dictation -> b
    com.csdcorp.speech_to_text.ListenMode deviceDefault -> a
com.csdcorp.speech_to_text.SpeechToTextCallbackMethods -> b.a.a.d:
    com.csdcorp.speech_to_text.SpeechToTextCallbackMethods textRecognition -> a
    com.csdcorp.speech_to_text.SpeechToTextCallbackMethods notifyStatus -> b
    com.csdcorp.speech_to_text.SpeechToTextCallbackMethods notifyError -> c
    com.csdcorp.speech_to_text.SpeechToTextCallbackMethods soundLevelChange -> d
    com.csdcorp.speech_to_text.SpeechToTextCallbackMethods[] $VALUES -> e
com.csdcorp.speech_to_text.SpeechToTextErrors -> b.a.a.e:
    com.csdcorp.speech_to_text.SpeechToTextErrors unknown -> d
    com.csdcorp.speech_to_text.SpeechToTextErrors[] $VALUES -> e
    com.csdcorp.speech_to_text.SpeechToTextErrors missingOrInvalidArg -> c
    com.csdcorp.speech_to_text.SpeechToTextErrors recognizerNotAvailable -> b
    com.csdcorp.speech_to_text.SpeechToTextErrors multipleRequests -> a
com.csdcorp.speech_to_text.SpeechToTextPlugin -> b.a.a.f:
    android.content.Context pluginContext -> a
    boolean permissionToRecordAudio -> m
    boolean debugLogging -> o
    java.lang.String logTag -> h
    boolean recognizerStops -> i
    boolean previousPartialResults -> u
    int brokenStopSdk -> d
    boolean intentLookup -> q
    java.lang.String previousRecognizerLang -> t
    float minRms -> y
    android.app.Activity currentActivity -> j
    io.flutter.plugin.common.MethodChannel$Result activeResult -> k
    long lastFinalTime -> w
    double missingConfidence -> f
    java.lang.String defaultLanguageTag -> B
    io.flutter.plugin.common.MethodChannel channel -> b
    boolean listening -> n
    boolean alwaysUseStop -> p
    boolean initializedSuccessfully -> l
    android.content.Intent recognizerIntent -> s
    int speechThresholdRms -> g
    int speechToTextPermissionCode -> e
    int minSdkForSpeechSupport -> c
    android.speech.SpeechRecognizer speechRecognizer -> r
    float maxRms -> z
    long speechStartTime -> x
    android.os.Handler handler -> A
    com.csdcorp.speech_to_text.ListenMode previousListenMode -> v
    boolean isNotInitialized() -> A
    boolean isNotListening() -> B
    void locales(io.flutter.plugin.common.MethodChannel$Result) -> C
    void notifyListening(boolean) -> D
    void onAttachedToEngine(android.content.Context,io.flutter.plugin.common.BinaryMessenger) -> E
    boolean sdkVersionTooLow() -> F