build/app/outputs/mapping/release/usage.txt
androidx.core.util.Pools$SimplePool
kotlin.collections.ArraysKt___ArraysKt$withIndex$8
androidx.core.text.TextDirectionHeuristicsCompat$TextDirectionHeuristicImpl
androidx.core.text.util.LinkifyCompat
kotlin.jvm.internal.markers.KMutableCollection
androidx.lifecycle.livedata.core.R
kotlin.internal.InlineOnly
androidx.savedstate.Recreator$SavedStateProvider
androidx.collection.SparseArrayCompat
kotlin.jvm.internal.MutablePropertyReference0
kotlin.coroutines.jvm.internal.DebugMetadataKt
kotlin.reflect.KTypeProjection
kotlin.coroutines.CombinedContext$writeReplace$1
kotlin.comparisons.ComparisonsKt
androidx.core.view.accessibility.AccessibilityViewCommand$SetProgressArguments
kotlin.sequences.SequencesKt___SequencesKt$minus$1$iterator$1
androidx.core.view.accessibility.AccessibilityNodeInfoCompat$AccessibilityActionCompat
androidx.fragment.app.FragmentManager$FragmentLifecycleCallbacks
kotlin.io.ExposingBufferByteArrayOutputStream
androidx.core.content.pm.PermissionInfoCompat$Protection
kotlin.Metadata
kotlin.collections.UIntIterator
androidx.lifecycle.ComputableLiveData$2
org.intellij.lang.annotations.JdkConstants$AdjustableOrientation
kotlin.Experimental
androidx.core.util.DebugUtils
androidx.core.app.NotificationCompat
kotlin.io.ConsoleKt
kotlin.ranges.IntProgression:
    public final int getStep()
    public boolean isEmpty()
    public boolean equals(java.lang.Object)
    public int hashCode()
    public java.lang.String toString()
kotlin.coroutines.experimental.CoroutineContext$plus$1
io.flutter.embedding.engine.systemchannels.KeyEventChannel:
    private static final java.lang.String TAG
androidx.core.util.Pools$Pool
kotlin.ranges.LongProgressionIterator
kotlin.io.FilesKt__FileReadWriteKt
kotlin.collections.ArraysKt___ArraysJvmKt$asList$4
androidx.annotation.RequiresPermission
io.flutter.embedding.engine.plugins.FlutterPlugin$FlutterPluginBinding:
    public io.flutter.embedding.engine.FlutterEngine getFlutterEngine()
    public io.flutter.view.TextureRegistry getTextureRegistry()
    public io.flutter.plugin.platform.PlatformViewRegistry getPlatformViewRegistry()
    public io.flutter.embedding.engine.plugins.FlutterPlugin$FlutterAssets getFlutterAssets()
androidx.fragment.app.Fragment:
    public void <init>()
    public void <init>(int)
    private void initLifecycle()
    public static androidx.fragment.app.Fragment instantiate(android.content.Context,java.lang.String)
    public static androidx.fragment.app.Fragment instantiate(android.content.Context,java.lang.String,android.os.Bundle)
    private androidx.fragment.app.Fragment$AnimationInfo ensureAnimationInfo()
    static void <clinit>()
    public androidx.lifecycle.Lifecycle getLifecycle()
    public androidx.lifecycle.LifecycleOwner getViewLifecycleOwner()
    public androidx.lifecycle.LiveData getViewLifecycleOwnerLiveData()
    public androidx.lifecycle.ViewModelStore getViewModelStore()
    public final androidx.savedstate.SavedStateRegistry getSavedStateRegistry()
    final void restoreViewState(android.os.Bundle)
    final boolean isInBackStack()
    public final boolean equals(java.lang.Object)
    public final int hashCode()
    public java.lang.String toString()
    public final int getId()
    public final java.lang.String getTag()
    public void setArguments(android.os.Bundle)
    public final android.os.Bundle getArguments()
    public final android.os.Bundle requireArguments()
    public final boolean isStateSaved()
    public void setInitialSavedState(androidx.fragment.app.Fragment$SavedState)
    public void setTargetFragment(androidx.fragment.app.Fragment,int)
    public final androidx.fragment.app.Fragment getTargetFragment()
kotlin.coroutines.jvm.internal.SuspendFunction
com.csdcorp.speech_to_text.R$layout
kotlin.collections.UCollectionsKt
androidx.core.widget.NestedScrollView
kotlin.ReplaceWith
kotlin.LateinitKt
io.flutter.plugins.urllauncher.R$string
kotlin.coroutines.experimental.migration.ContinuationMigration